<?xml version="1.0" encoding="UTF-8"?>
<testng-results skipped="0" failed="1" ignored="0" total="4" passed="3">
  <reporter-output>
  </reporter-output>
  <suite name="Default suite" duration-ms="59277" started-at="2021-09-04T14:47:23Z" finished-at="2021-09-04T14:48:22Z">
    <groups>
    </groups>
    <test name="Default test" duration-ms="59277" started-at="2021-09-04T14:47:23Z" finished-at="2021-09-04T14:48:22Z">
      <class name="org.test.main.TC001">
        <test-method status="PASS" signature="reportInitialization()[pri:0, instance:org.test.main.TC001@146ba0ac]" name="reportInitialization" is-config="true" duration-ms="362" started-at="2021-09-04T14:47:23Z" finished-at="2021-09-04T14:47:23Z">
          <reporter-output>
          </reporter-output>
        </test-method> <!-- reportInitialization -->
        <test-method status="PASS" signature="browserLaunch()[pri:0, instance:org.test.main.TC001@146ba0ac]" name="browserLaunch" is-config="true" duration-ms="19169" started-at="2021-09-04T14:47:23Z" finished-at="2021-09-04T14:47:43Z">
          <reporter-output>
          </reporter-output>
        </test-method> <!-- browserLaunch -->
        <test-method status="PASS" signature="pageLaunch()[pri:0, instance:org.test.main.TC001@146ba0ac]" name="pageLaunch" is-config="true" duration-ms="4036" started-at="2021-09-04T14:47:43Z" finished-at="2021-09-04T14:47:47Z">
          <reporter-output>
          </reporter-output>
        </test-method> <!-- pageLaunch -->
        <test-method status="PASS" signature="tc001_1()[pri:0, instance:org.test.main.TC001@146ba0ac]" name="tc001_1" duration-ms="11068" started-at="2021-09-04T14:47:47Z" finished-at="2021-09-04T14:47:58Z">
          <reporter-output>
          </reporter-output>
        </test-method> <!-- tc001_1 -->
        <test-method status="PASS" signature="tearDown(org.testng.ITestResult)[pri:0, instance:org.test.main.TC001@146ba0ac]" name="tearDown" is-config="true" duration-ms="17" started-at="2021-09-04T14:47:58Z" finished-at="2021-09-04T14:47:58Z">
          <params>
            <param index="0">
              <value>
                <![CDATA[[TestResult name=tc001_1 status=SUCCESS method=TC001.tc001_1()[pri:0, instance:org.test.main.TC001@146ba0ac] output={null}]]]>
              </value>
            </param>
          </params>
          <reporter-output>
          </reporter-output>
        </test-method> <!-- tearDown -->
        <test-method status="PASS" signature="pageLaunch()[pri:0, instance:org.test.main.TC001@146ba0ac]" name="pageLaunch" is-config="true" duration-ms="2485" started-at="2021-09-04T14:47:58Z" finished-at="2021-09-04T14:48:00Z">
          <reporter-output>
          </reporter-output>
        </test-method> <!-- pageLaunch -->
        <test-method status="PASS" signature="tc001_2()[pri:0, instance:org.test.main.TC001@146ba0ac]" name="tc001_2" duration-ms="7171" started-at="2021-09-04T14:48:00Z" finished-at="2021-09-04T14:48:07Z">
          <reporter-output>
          </reporter-output>
        </test-method> <!-- tc001_2 -->
        <test-method status="PASS" signature="tearDown(org.testng.ITestResult)[pri:0, instance:org.test.main.TC001@146ba0ac]" name="tearDown" is-config="true" duration-ms="1" started-at="2021-09-04T14:48:07Z" finished-at="2021-09-04T14:48:07Z">
          <params>
            <param index="0">
              <value>
                <![CDATA[[TestResult name=tc001_2 status=SUCCESS method=TC001.tc001_2()[pri:0, instance:org.test.main.TC001@146ba0ac] output={null}]]]>
              </value>
            </param>
          </params>
          <reporter-output>
          </reporter-output>
        </test-method> <!-- tearDown -->
        <test-method status="PASS" signature="pageLaunch()[pri:0, instance:org.test.main.TC001@146ba0ac]" name="pageLaunch" is-config="true" duration-ms="2316" started-at="2021-09-04T14:48:07Z" finished-at="2021-09-04T14:48:10Z">
          <reporter-output>
          </reporter-output>
        </test-method> <!-- pageLaunch -->
        <test-method status="PASS" signature="tc001_3()[pri:0, instance:org.test.main.TC001@146ba0ac]" name="tc001_3" duration-ms="8630" started-at="2021-09-04T14:48:10Z" finished-at="2021-09-04T14:48:18Z">
          <reporter-output>
          </reporter-output>
        </test-method> <!-- tc001_3 -->
        <test-method status="PASS" signature="tearDown(org.testng.ITestResult)[pri:0, instance:org.test.main.TC001@146ba0ac]" name="tearDown" is-config="true" duration-ms="0" started-at="2021-09-04T14:48:18Z" finished-at="2021-09-04T14:48:18Z">
          <params>
            <param index="0">
              <value>
                <![CDATA[[TestResult name=tc001_3 status=SUCCESS method=TC001.tc001_3()[pri:0, instance:org.test.main.TC001@146ba0ac] output={null}]]]>
              </value>
            </param>
          </params>
          <reporter-output>
          </reporter-output>
        </test-method> <!-- tearDown -->
        <test-method status="PASS" signature="pageLaunch()[pri:0, instance:org.test.main.TC001@146ba0ac]" name="pageLaunch" is-config="true" duration-ms="3200" started-at="2021-09-04T14:48:18Z" finished-at="2021-09-04T14:48:22Z">
          <reporter-output>
          </reporter-output>
        </test-method> <!-- pageLaunch -->
        <test-method status="FAIL" signature="tc001_4()[pri:0, instance:org.test.main.TC001@146ba0ac]" name="tc001_4" duration-ms="337" started-at="2021-09-04T14:48:22Z" finished-at="2021-09-04T14:48:22Z">
          <exception class="java.lang.AssertionError">
            <message>
              <![CDATA[expected [false] but found [true]]]>
            </message>
            <full-stacktrace>
              <![CDATA[java.lang.AssertionError: expected [false] but found [true]
at org.testng.Assert.fail(Assert.java:96)
at org.testng.Assert.failNotEquals(Assert.java:776)
at org.testng.Assert.assertFalse(Assert.java:65)
at org.testng.Assert.assertFalse(Assert.java:75)
at org.test.main.TC001.tc001_4(TC001.java:111)
at sun.reflect.NativeMethodAccessorImpl.invoke0(Native Method)
at sun.reflect.NativeMethodAccessorImpl.invoke(Unknown Source)
at sun.reflect.DelegatingMethodAccessorImpl.invoke(Unknown Source)
at java.lang.reflect.Method.invoke(Unknown Source)
at org.testng.internal.MethodInvocationHelper.invokeMethod(MethodInvocationHelper.java:124)
at org.testng.internal.Invoker.invokeMethod(Invoker.java:583)
at org.testng.internal.Invoker.invokeTestMethod(Invoker.java:719)
at org.testng.internal.Invoker.invokeTestMethods(Invoker.java:989)
at org.testng.internal.TestMethodWorker.invokeTestMethods(TestMethodWorker.java:125)
at org.testng.internal.TestMethodWorker.run(TestMethodWorker.java:109)
at org.testng.TestRunner.privateRun(TestRunner.java:648)
at org.testng.TestRunner.run(TestRunner.java:505)
at org.testng.SuiteRunner.runTest(SuiteRunner.java:455)
at org.testng.SuiteRunner.runSequentially(SuiteRunner.java:450)
at org.testng.SuiteRunner.privateRun(SuiteRunner.java:415)
at org.testng.SuiteRunner.run(SuiteRunner.java:364)
at org.testng.SuiteRunnerWorker.runSuite(SuiteRunnerWorker.java:52)
at org.testng.SuiteRunnerWorker.run(SuiteRunnerWorker.java:84)
at org.testng.TestNG.runSuitesSequentially(TestNG.java:1208)
at org.testng.TestNG.runSuitesLocally(TestNG.java:1137)
at org.testng.TestNG.runSuites(TestNG.java:1049)
at org.testng.TestNG.run(TestNG.java:1017)
at org.testng.remote.AbstractRemoteTestNG.run(AbstractRemoteTestNG.java:114)
at org.testng.remote.RemoteTestNG.initAndRun(RemoteTestNG.java:251)
at org.testng.remote.RemoteTestNG.main(RemoteTestNG.java:77)
]]>
            </full-stacktrace>
          </exception> <!-- java.lang.AssertionError -->
          <reporter-output>
          </reporter-output>
        </test-method> <!-- tc001_4 -->
        <test-method status="PASS" signature="tearDown(org.testng.ITestResult)[pri:0, instance:org.test.main.TC001@146ba0ac]" name="tearDown" is-config="true" duration-ms="417" started-at="2021-09-04T14:48:22Z" finished-at="2021-09-04T14:48:22Z">
          <params>
            <param index="0">
              <value>
                <![CDATA[[TestResult name=tc001_4 status=FAILURE method=TC001.tc001_4()[pri:0, instance:org.test.main.TC001@146ba0ac] output={null}]]]>
              </value>
            </param>
          </params>
          <reporter-output>
          </reporter-output>
        </test-method> <!-- tearDown -->
        <test-method status="PASS" signature="aftSuite()[pri:0, instance:org.test.main.TC001@146ba0ac]" name="aftSuite" is-config="true" duration-ms="844" started-at="2021-09-04T14:48:22Z" finished-at="2021-09-04T14:48:23Z">
          <reporter-output>
          </reporter-output>
        </test-method> <!-- aftSuite -->
      </class> <!-- org.test.main.TC001 -->
    </test> <!-- Default test -->
  </suite> <!-- Default suite -->
</testng-results>
